gradwave 0.1.0 · relax run · 2026-07-15 09:30:11
────────────────────────────────────────────────

── structure ───────────────────────────────────────────────────────────
   cell [Å]        0.000000    1.783500    1.783500
                   1.783500    0.000000    1.783500
                   1.783500    1.783500    0.000000

   C       0.000000    0.000000    0.000000
   C       0.951800    0.861800    0.931800

── parameters ──────────────────────────────────────────────────────────
   formalism   nc                    xc          PBE
   ecut        680.28 eV             ecutrho     —
   k-mesh      4×4×4                 spin        1
   smearing    none                  symmetry    on
   pseudo C    C_ONCV_PBE-1.2.upf

── relaxation ──────────────────────────────────────────────────────────
   optimizer fire · target fmax 0.01 eV/Å

   step               E [eV]    fmax [eV/Å]
      0      -309.5591761678       3.431507
      1      -309.6865299192       0.420393
      2      -309.6096106867       2.314237
      3      -309.6342602861       1.944301
      4      -309.6680724663       1.226219
      5      -309.6880463679       0.237620
      6      -309.6784191846       0.923492
      7      -309.6794571932       0.874942
      8      -309.6813182472       0.780887
      9      -309.6836198767       0.647122
     10      -309.6858951566       0.481663
     11      -309.6876912279       0.294061
     12      -309.6886607369       0.094905
     13      -309.6886276940       0.107252
     14      -309.6886312668       0.105946
     15      -309.6886382388       0.103348
     16      -309.6886482712       0.099489
     17      -309.6886608761       0.094416
     18      -309.6886754402       0.088188
     19      -309.6886912545       0.080880
     20      -309.6887075480       0.072579
     21      -309.6887251604       0.062366
     22      -309.6887428963       0.050003
     23      -309.6887588881       0.035303
     24      -309.6887705499       0.018181
     25      -309.6887747332       0.001267

   converged after 25 steps · fmax 0.001267 eV/Å

   final positions [Å]:
   C       0.029990   -0.014949    0.020001
   C       0.921810    0.876749    0.911799

   wall time 404.7 s  |  files relax.json · relax.out

